2022-11-08T02:39:31+00:00 INFO {"url":"carry-bg-2.jpg","data":{"errors":{"http_request_failed":["cURL error 28: Operation timed out after 5006 milliseconds with 41780 out of 164535 bytes received"]},"error_data":[]}}
2022-11-08T02:39:53+00:00 INFO {"url":"wd-product-bg-columns-2.jpg","data":{"errors":{"http_request_failed":["cURL error 28: Operation timed out after 5007 milliseconds with 0 bytes received"]},"error_data":[]}}
2022-11-08T02:40:01+00:00 INFO {"url":"wd-product-bg-2.jpg","data":{"errors":{"http_request_failed":["cURL error 28: Operation timed out after 5002 milliseconds with 42116 out of 119108 bytes received"]},"error_data":[]}}
2022-11-08T02:40:13+00:00 INFO {"url":"promo-popup.jpg","data":{"errors":{"http_request_failed":["cURL error 28: Operation timed out after 5006 milliseconds with 0 bytes received"]},"error_data":[]}}
2022-11-08T02:40:28+00:00 INFO {"url":"cat-light-bulb.svg","data":{"errors":{"http_request_failed":["cURL error 28: Connection timed out after 5013 milliseconds"]},"error_data":[]}}
2022-11-08T02:40:51+00:00 INFO {"url":"light-bulb.svg","data":{"errors":{"http_request_failed":["cURL error 28: Connection timed out after 5000 milliseconds"]},"error_data":[]}}
2022-11-08T02:40:56+00:00 INFO {"url":"light-bulb.svg","data":{"errors":{"http_request_failed":["cURL error 28: Operation timed out after 5010 milliseconds with 1169 out of 3578 bytes received"]},"error_data":[]}}
2022-11-08T02:41:01+00:00 INFO {"url":"light-bulb.svg","data":{"errors":{"http_request_failed":["cURL error 28: Operation timed out after 5004 milliseconds with 0 bytes received"]},"error_data":[]}}
2022-11-08T02:41:11+00:00 INFO {"url":"portfolio-3.jpg","data":{"errors":{"http_request_failed":["cURL error 28: Operation timed out after 5009 milliseconds with 13878 out of 34720 bytes received"]},"error_data":[]}}
2022-11-08T02:41:34+00:00 INFO {"url":"portfolio-8.jpg","data":{"errors":{"http_request_failed":["cURL error 28: Operation timed out after 5010 milliseconds with 41781 out of 80173 bytes received"]},"error_data":[]}}
2022-11-08T02:41:39+00:00 INFO {"url":"portfolio-8.jpg","data":{"errors":{"http_request_failed":["cURL error 28: Operation timed out after 5006 milliseconds with 13541 out of 80173 bytes received"]},"error_data":[]}}
2022-11-08T02:41:44+00:00 INFO {"url":"portfolio-8.jpg","data":{"errors":{"http_request_failed":["cURL error 28: Operation timed out after 5007 milliseconds with 20937 out of 80173 bytes received"]},"error_data":[]}}
2022-11-08T02:41:52+00:00 INFO {"url":"page-title-shop.jpg","data":{"errors":{"http_request_failed":["cURL error 28: Operation timed out after 5009 milliseconds with 97000 out of 119447 bytes received"]},"error_data":[]}}
2022-11-08T02:42:00+00:00 INFO {"url":"wd-blog-4.jpg","data":{"errors":{"http_request_failed":["cURL error 28: Operation timed out after 5007 milliseconds with 97184 out of 126071 bytes received"]},"error_data":[]}}
2022-11-08T02:42:05+00:00 INFO {"url":"wd-blog-4.jpg","data":{"errors":{"http_request_failed":["cURL error 28: Operation timed out after 5001 milliseconds with 42116 out of 126071 bytes received"]},"error_data":[]}}
2022-11-08T02:42:10+00:00 INFO {"url":"wd-blog-4.jpg","data":{"errors":{"http_request_failed":["cURL error 28: Operation timed out after 5003 milliseconds with 96848 out of 126071 bytes received"]},"error_data":[]}}
2022-11-08T02:42:15+00:00 INFO {"url":"wd-blog-7.jpg","data":{"errors":{"http_request_failed":["cURL error 28: Operation timed out after 5000 milliseconds with 41780 out of 137728 bytes received"]},"error_data":[]}}
2022-11-08T02:42:20+00:00 INFO {"url":"wd-blog-7.jpg","data":{"errors":{"http_request_failed":["cURL error 28: Operation timed out after 5004 milliseconds with 96848 out of 137728 bytes received"]},"error_data":[]}}
2022-11-08T02:42:25+00:00 INFO {"url":"wd-blog-7.jpg","data":{"errors":{"http_request_failed":["cURL error 28: Operation timed out after 5005 milliseconds with 96848 out of 137728 bytes received"]},"error_data":[]}}
2022-11-08T02:42:38+00:00 INFO {"url":"wd-blog-3.jpg","data":{"errors":{"http_request_failed":["cURL error 28: Operation timed out after 5011 milliseconds with 263800 out of 357864 bytes received"]},"error_data":[]}}
2022-11-08T02:42:43+00:00 INFO {"url":"wd-blog-3.jpg","data":{"errors":{"http_request_failed":["cURL error 28: Operation timed out after 5008 milliseconds with 310212 out of 357864 bytes received"]},"error_data":[]}}
2022-11-08T02:42:48+00:00 INFO {"url":"wd-blog-3.jpg","data":{"errors":{"http_request_failed":["cURL error 28: Operation timed out after 5007 milliseconds with 64524 out of 357864 bytes received"]},"error_data":[]}}
2022-11-08T02:43:14+00:00 INFO {"url":"portfolio-2.jpg","data":{"errors":{"http_request_failed":["cURL error 28: Operation timed out after 5002 milliseconds with 13878 out of 23833 bytes received"]},"error_data":[]}}
2022-11-08T02:43:37+00:00 INFO {"url":"about-us-3-team-member-2.jpg","data":{"errors":{"http_request_failed":["cURL error 28: Operation timed out after 5011 milliseconds with 13878 out of 48750 bytes received"]},"error_data":[]}}
2022-11-08T02:44:31+00:00 INFO {"url":"post-example-1-image-3.jpg","data":{"errors":{"http_request_failed":["cURL error 28: Connection timed out after 5003 milliseconds"]},"error_data":[]}}
2022-11-08T02:44:39+00:00 INFO {"url":"post-example-1-image-3.jpg","data":{"errors":{"http_request_failed":["cURL error 28: Resolving timed out after 5012 milliseconds"]},"error_data":[]}}
2022-11-08T02:45:39+00:00 INFO {"url":"ornare-auctor-4.jpg","data":{"errors":{"http_request_failed":["cURL error 28: Operation timed out after 5000 milliseconds with 41782 out of 47838 bytes received"]},"error_data":[]}}
2022-11-08T02:45:44+00:00 INFO {"url":"ornare-auctor-4.jpg","data":{"errors":{"http_request_failed":["cURL error 28: Operation timed out after 5000 milliseconds with 13542 out of 47838 bytes received"]},"error_data":[]}}
2022-11-08T02:45:50+00:00 INFO {"url":"ornare-auctor-4.jpg","data":{"errors":{"http_request_failed":["cURL error 28: Operation timed out after 5010 milliseconds with 41782 out of 47838 bytes received"]},"error_data":[]}}
2022-11-08T02:45:55+00:00 INFO {"url":"carry-gallery-1.jpg","data":{"errors":{"http_request_failed":["cURL error 28: Operation timed out after 5011 milliseconds with 0 bytes received"]},"error_data":[]}}
2022-11-08T02:46:14+00:00 INFO {"url":"carry-image.png","data":{"errors":{"http_request_failed":["cURL error 28: Operation timed out after 5004 milliseconds with 42118 out of 68894 bytes received"]},"error_data":[]}}
2022-11-08T02:46:27+00:00 INFO {"url":"decoration-wooden-presen-2.jpg","data":{"errors":{"http_request_failed":["cURL error 28: Operation timed out after 5006 milliseconds with 13878 out of 33655 bytes received"]},"error_data":[]}}
2022-11-08T02:46:32+00:00 INFO {"url":"decoration-wooden-presen-2.jpg","data":{"errors":{"http_request_failed":["cURL error 28: Operation timed out after 5004 milliseconds with 0 bytes received"]},"error_data":[]}}
2022-11-08T02:46:37+00:00 INFO {"url":"decoration-wooden-presen-2.jpg","data":{"errors":{"http_request_failed":["cURL error 28: Operation timed out after 5001 milliseconds with 13878 out of 33655 bytes received"]},"error_data":[]}}
2022-11-08T02:47:26+00:00 INFO {"url":"smart-watches-wood-edition-2.jpg","data":{"errors":{"http_request_failed":["cURL error 28: Operation timed out after 5000 milliseconds with 42118 out of 44954 bytes received"]},"error_data":[]}}
2022-11-08T02:47:31+00:00 INFO {"url":"smart-watches-wood-edition-2.jpg","data":{"errors":{"http_request_failed":["cURL error 28: Operation timed out after 5002 milliseconds with 41782 out of 44954 bytes received"]},"error_data":[]}}
2022-11-08T02:47:46+00:00 INFO {"url":"smart-watches-wood-edition-4.jpg","data":{"errors":{"http_request_failed":["cURL error 28: Operation timed out after 5008 milliseconds with 133896 out of 146113 bytes received"]},"error_data":[]}}
2022-11-08T03:00:30+00:00 INFO {"url":"cat-menu-cooking.png","data":{"errors":{"http_request_failed":["cURL error 28: Operation timed out after 5007 milliseconds with 0 bytes received"]},"error_data":[]}}
2022-11-08T03:00:40+00:00 INFO {"url":"wd-product-bg-1.jpg","data":{"errors":{"http_request_failed":["cURL error 28: Operation timed out after 5000 milliseconds with 72844 out of 253632 bytes received"]},"error_data":[]}}
2022-11-08T03:00:45+00:00 INFO {"url":"wd-product-bg-1.jpg","data":{"errors":{"http_request_failed":["cURL error 28: Operation timed out after 5003 milliseconds with 134972 out of 253632 bytes received"]},"error_data":[]}}
2022-11-08T03:01:28+00:00 INFO {"url":"wd-blog-3.jpg","data":{"errors":{"http_request_failed":["cURL error 28: Operation timed out after 5000 milliseconds with 235560 out of 357864 bytes received"]},"error_data":[]}}
2022-11-08T03:01:33+00:00 INFO {"url":"wd-blog-3.jpg","data":{"errors":{"http_request_failed":["cURL error 28: Operation timed out after 5013 milliseconds with 211556 out of 357864 bytes received"]},"error_data":[]}}
2022-11-08T03:01:38+00:00 INFO {"url":"wd-blog-3.jpg","data":{"errors":{"http_request_failed":["cURL error 28: Operation timed out after 5007 milliseconds with 41780 out of 357864 bytes received"]},"error_data":[]}}
2022-11-08T03:01:43+00:00 INFO {"url":"wd-blog-5.jpg","data":{"errors":{"http_request_failed":["cURL error 28: Operation timed out after 5006 milliseconds with 181904 out of 293754 bytes received"]},"error_data":[]}}
2022-11-08T03:01:48+00:00 INFO {"url":"wd-blog-5.jpg","data":{"errors":{"http_request_failed":["cURL error 28: Operation timed out after 5000 milliseconds with 185956 out of 293754 bytes received"]},"error_data":[]}}
2022-11-08T03:01:53+00:00 INFO {"url":"wd-blog-5.jpg","data":{"errors":{"http_request_failed":["cURL error 28: Operation timed out after 5005 milliseconds with 257816 out of 293754 bytes received"]},"error_data":[]}}
2022-11-08T03:05:39+00:00 INFO {"url":"about-us-3-image-1.jpg","data":{"errors":{"http_request_failed":["cURL error 28: Operation timed out after 5000 milliseconds with 51664 out of 100860 bytes received"]},"error_data":[]}}
2022-11-08T03:05:44+00:00 INFO {"url":"about-us-3-image-1.jpg","data":{"errors":{"http_request_failed":["cURL error 28: Operation timed out after 5016 milliseconds with 30484 out of 100860 bytes received"]},"error_data":[]}}
