<<<<<<< HEAD
2022-11-17T03:49:12+00:00 CRITICAL Uncaught Error: Failed opening required 'C:\laragon\www\CAD\wp-includes/block-patterns/query-standard-posts.php' (include_path='.;C:/laragon/etc/php/pear') in C:\laragon\www\CAD\wp-includes\block-patterns.php:34
Stack trace:
#0 C:\laragon\www\CAD\wp-includes\class-wp-hook.php(308): _register_core_block_patterns_and_categories('')
#1 C:\laragon\www\CAD\wp-includes\class-wp-hook.php(332): WP_Hook->apply_filters(NULL, Array)
#2 C:\laragon\www\CAD\wp-includes\plugin.php(517): WP_Hook->do_action(Array)
#3 C:\laragon\www\CAD\wp-settings.php(617): do_action('init')
#4 C:\laragon\www\CAD\wp-config.php(103): require_once('C:\\laragon\\www\\...')
#5 C:\laragon\www\CAD\wp-load.php(50): require_once('C:\\laragon\\www\\...')
#6 C:\laragon\www\CAD\wp-blog-header.php(13): require_once('C:\\laragon\\www\\...')
#7 C:\laragon\www\CAD\index.php(17): require('C:\\laragon\\www\\...')
#8 {main}
  thrown en C:\laragon\www\CAD\wp-includes\block-patterns.php en la línea 34
=======
2022-11-17T19:54:26+00:00 CRITICAL Uncaught RuntimeException: Error al guardar la acción: MySQL server has gone away in C:\laragon\www\CAD\wp-content\plugins\woocommerce\packages\action-scheduler\classes\data-stores\ActionScheduler_DBStore.php:86
Stack trace:
#0 C:\laragon\www\CAD\wp-content\plugins\woocommerce\packages\action-scheduler\classes\ActionScheduler_ActionFactory.php(177): ActionScheduler_DBStore->save_action(Object(ActionScheduler_Action))
#1 C:\laragon\www\CAD\wp-content\plugins\woocommerce\packages\action-scheduler\classes\ActionScheduler_ActionFactory.php(105): ActionScheduler_ActionFactory->store(Object(ActionScheduler_Action))
#2 C:\laragon\www\CAD\wp-content\plugins\woocommerce\packages\action-scheduler\functions.php(54): ActionScheduler_ActionFactory->recurring('woocommerce_cle...', Array, false, 86400, '')
#3 C:\laragon\www\CAD\wp-content\plugins\woocommerce\packages\woocommerce-blocks\src\Domain\Services\DraftOrders.php(65): as_schedule_recurring_action(false, 86400, 'woocommerce_cle...')
#4 C:\laragon\www\CAD\wp-content\plugins\woocommerce\packages\woocommerce-blocks\src\Domain\Services\DraftOrders.php(57): Automattic\WooCommerce\Blocks\Domain\Services\DraftOrders->maybe_create_cronjobs()
#5 C:\laragon\www\CAD\wp-includes\class-wp-hook.php(308): Automattic\WooCommerce\Blocks\Domain\Services\DraftOrders->install('')
#6 C:\laragon\www\CAD\wp-includes\class-wp-hook.php(332): WP_Hook->apply_filters(NULL, Array)
#7 C:\laragon\www\CAD\wp-includes\plugin.php(517): WP_Hook->do_action(Array)
#8 C:\laragon\www\CAD\wp-admin\admin-ajax.php(45): do_action('admin_init')
#9 {main}
  thrown en C:\laragon\www\CAD\wp-content\plugins\woocommerce\packages\action-scheduler\classes\data-stores\ActionScheduler_DBStore.php en la línea 86

2022-11-17T20:09:55+00:00 CRITICAL Uncaught RuntimeException: Error al guardar la acción: MySQL server has gone away in C:\laragon\www\CAD\wp-content\plugins\woocommerce\packages\action-scheduler\classes\data-stores\ActionScheduler_DBStore.php:86
Stack trace:
#0 C:\laragon\www\CAD\wp-content\plugins\woocommerce\packages\action-scheduler\classes\ActionScheduler_ActionFactory.php(177): ActionScheduler_DBStore->save_action(Object(ActionScheduler_Action))
#1 C:\laragon\www\CAD\wp-content\plugins\woocommerce\packages\action-scheduler\classes\ActionScheduler_ActionFactory.php(105): ActionScheduler_ActionFactory->store(Object(ActionScheduler_Action))
#2 C:\laragon\www\CAD\wp-content\plugins\woocommerce\packages\action-scheduler\functions.php(54): ActionScheduler_ActionFactory->recurring('woocommerce_cle...', Array, false, 86400, '')
#3 C:\laragon\www\CAD\wp-content\plugins\woocommerce\packages\woocommerce-blocks\src\Domain\Services\DraftOrders.php(65): as_schedule_recurring_action(false, 86400, 'woocommerce_cle...')
#4 C:\laragon\www\CAD\wp-content\plugins\woocommerce\packages\woocommerce-blocks\src\Domain\Services\DraftOrders.php(57): Automattic\WooCommerce\Blocks\Domain\Services\DraftOrders->maybe_create_cronjobs()
#5 C:\laragon\www\CAD\wp-includes\class-wp-hook.php(308): Automattic\WooCommerce\Blocks\Domain\Services\DraftOrders->install('')
#6 C:\laragon\www\CAD\wp-includes\class-wp-hook.php(332): WP_Hook->apply_filters(NULL, Array)
#7 C:\laragon\www\CAD\wp-includes\plugin.php(517): WP_Hook->do_action(Array)
#8 C:\laragon\www\CAD\wp-admin\admin-ajax.php(45): do_action('admin_init')
#9 {main}
  thrown en C:\laragon\www\CAD\wp-content\plugins\woocommerce\packages\action-scheduler\classes\data-stores\ActionScheduler_DBStore.php en la línea 86

2022-11-17T20:23:35+00:00 CRITICAL Uncaught RuntimeException: Error al guardar la acción: MySQL server has gone away in C:\laragon\www\CAD\wp-content\plugins\woocommerce\packages\action-scheduler\classes\data-stores\ActionScheduler_DBStore.php:86
Stack trace:
#0 C:\laragon\www\CAD\wp-content\plugins\woocommerce\packages\action-scheduler\classes\ActionScheduler_ActionFactory.php(177): ActionScheduler_DBStore->save_action(Object(ActionScheduler_Action))
#1 C:\laragon\www\CAD\wp-content\plugins\woocommerce\packages\action-scheduler\classes\ActionScheduler_ActionFactory.php(105): ActionScheduler_ActionFactory->store(Object(ActionScheduler_Action))
#2 C:\laragon\www\CAD\wp-content\plugins\woocommerce\packages\action-scheduler\functions.php(54): ActionScheduler_ActionFactory->recurring('woocommerce_cle...', Array, false, 86400, '')
#3 C:\laragon\www\CAD\wp-content\plugins\woocommerce\packages\woocommerce-blocks\src\Domain\Services\DraftOrders.php(65): as_schedule_recurring_action(false, 86400, 'woocommerce_cle...')
#4 C:\laragon\www\CAD\wp-content\plugins\woocommerce\packages\woocommerce-blocks\src\Domain\Services\DraftOrders.php(57): Automattic\WooCommerce\Blocks\Domain\Services\DraftOrders->maybe_create_cronjobs()
#5 C:\laragon\www\CAD\wp-includes\class-wp-hook.php(308): Automattic\WooCommerce\Blocks\Domain\Services\DraftOrders->install('')
#6 C:\laragon\www\CAD\wp-includes\class-wp-hook.php(332): WP_Hook->apply_filters(NULL, Array)
#7 C:\laragon\www\CAD\wp-includes\plugin.php(517): WP_Hook->do_action(Array)
#8 C:\laragon\www\CAD\wp-admin\admin-ajax.php(45): do_action('admin_init')
#9 {main}
  thrown en C:\laragon\www\CAD\wp-content\plugins\woocommerce\packages\action-scheduler\classes\data-stores\ActionScheduler_DBStore.php en la línea 86

2022-11-17T20:46:11+00:00 CRITICAL Uncaught RuntimeException: Error al guardar la acción: MySQL server has gone away in C:\laragon\www\CAD\wp-content\plugins\woocommerce\packages\action-scheduler\classes\data-stores\ActionScheduler_DBStore.php:86
Stack trace:
#0 C:\laragon\www\CAD\wp-content\plugins\woocommerce\packages\action-scheduler\classes\ActionScheduler_ActionFactory.php(177): ActionScheduler_DBStore->save_action(Object(ActionScheduler_Action))
#1 C:\laragon\www\CAD\wp-content\plugins\woocommerce\packages\action-scheduler\classes\ActionScheduler_ActionFactory.php(105): ActionScheduler_ActionFactory->store(Object(ActionScheduler_Action))
#2 C:\laragon\www\CAD\wp-content\plugins\woocommerce\packages\action-scheduler\functions.php(54): ActionScheduler_ActionFactory->recurring('woocommerce_cle...', Array, false, 86400, '')
#3 C:\laragon\www\CAD\wp-content\plugins\woocommerce\packages\woocommerce-blocks\src\Domain\Services\DraftOrders.php(65): as_schedule_recurring_action(false, 86400, 'woocommerce_cle...')
#4 C:\laragon\www\CAD\wp-content\plugins\woocommerce\packages\woocommerce-blocks\src\Domain\Services\DraftOrders.php(57): Automattic\WooCommerce\Blocks\Domain\Services\DraftOrders->maybe_create_cronjobs()
#5 C:\laragon\www\CAD\wp-includes\class-wp-hook.php(308): Automattic\WooCommerce\Blocks\Domain\Services\DraftOrders->install('')
#6 C:\laragon\www\CAD\wp-includes\class-wp-hook.php(332): WP_Hook->apply_filters(NULL, Array)
#7 C:\laragon\www\CAD\wp-includes\plugin.php(517): WP_Hook->do_action(Array)
#8 C:\laragon\www\CAD\wp-admin\admin-ajax.php(45): do_action('admin_init')
#9 {main}
  thrown en C:\laragon\www\CAD\wp-content\plugins\woocommerce\packages\action-scheduler\classes\data-stores\ActionScheduler_DBStore.php en la línea 86
>>>>>>> 6a1a6a93b8f0082bb4ea3887348c34747ddcc3f5

