2022-11-22T20:25:59+00:00 CRITICAL Uncaught Error: Failed opening required 'C:\laragon\www\CAD/wp-content/themes//inc/integrations/elementor/controls/class-autocomplete.php' (include_path='.;C:/laragon/etc/php/pear') in C:\laragon\www\CAD\wp-content\themes\woodmart\inc\integrations\elementor\class-elementor.php:89
Stack trace:
#0 C:\laragon\www\CAD\wp-includes\class-wp-hook.php(308): XTS\Elementor\Elementor->register_controls(Object(Elementor\Controls_Manager))
#1 C:\laragon\www\CAD\wp-includes\class-wp-hook.php(332): WP_Hook->apply_filters('', Array)
#2 C:\laragon\www\CAD\wp-includes\plugin.php(517): WP_Hook->do_action(Array)
#3 C:\laragon\www\CAD\wp-content\plugins\elementor\includes\managers\controls.php(476): do_action('elementor/contr...', Object(Elementor\Controls_Manager))
#4 C:\laragon\www\CAD\wp-content\plugins\elementor\includes\managers\controls.php(589): Elementor\Controls_Manager->register_controls()
#5 C:\laragon\www\CAD\wp-content\plugins\elementor\includes\managers\controls.php(608): Elementor\Controls_Manager->get_controls()
#6 C:\laragon\www\CAD\wp-content\plugins\elementor\includes\managers\controls.php(779): Elementor\Controls_Manager->get_control('section')
#7 C:\laragon\www\CAD\wp-content\plugins\elementor\includes\base\controls-stack.php(421): Elementor\Controls_Manager->add_control_to_stack(Object(Elementor\Core\Kits\Documents\Kit), 'document_settin...', Array, Array)
#8 C:\laragon\www\CAD\wp-content\plugins\elementor\includes\base\controls-stack.php(1518): Elementor\Controls_Stack->add_control('document_settin...', Array)
#9 C:\laragon\www\CAD\wp-content\plugins\elementor\core\base\document.php(1660): Elementor\Controls_Stack->start_controls_section('document_settin...', Array)
#10 C:\laragon\www\CAD\wp-content\plugins\elementor\core\kits\documents\kit.php(155): Elementor\Core\Base\Document->register_document_controls()
#11 C:\laragon\www\CAD\wp-content\plugins\elementor\includes\base\controls-stack.php(2327): Elementor\Core\Kits\Documents\Kit->register_controls()
#12 C:\laragon\www\CAD\wp-content\plugins\elementor\includes\base\controls-stack.php(496): Elementor\Controls_Stack->init_controls()
#13 C:\laragon\www\CAD\wp-content\plugins\elementor\includes\base\controls-stack.php(300): Elementor\Controls_Stack->get_stack()
#14 C:\laragon\www\CAD\wp-content\plugins\elementor\includes\base\controls-stack.php(2414): Elementor\Controls_Stack->get_controls()
#15 C:\laragon\www\CAD\wp-content\plugins\elementor\includes\base\controls-stack.php(1107): Elementor\Controls_Stack->sanitize_settings(Array)
#16 C:\laragon\www\CAD\wp-content\plugins\elementor\includes\base\controls-stack.php(2161): Elementor\Controls_Stack->get_data('settings')
#17 C:\laragon\www\CAD\wp-content\plugins\elementor\core\base\base-object.php(142): Elementor\Controls_Stack->get_init_settings()
#18 C:\laragon\www\CAD\wp-content\plugins\elementor\core\base\base-object.php(40): Elementor\Core\Base\Base_Object->ensure_settings()
#19 C:\laragon\www\CAD\wp-content\plugins\elementor\core\kits\manager.php(117): Elementor\Core\Base\Base_Object->get_settings('viewport_mobile')
#20 C:\laragon\www\CAD\wp-content\plugins\elementor\core\breakpoints\breakpoint.php(130): Elementor\Core\Kits\Manager->get_current_settings('viewport_mobile')
#21 C:\laragon\www\CAD\wp-content\plugins\elementor\core\breakpoints\breakpoint.php(71): Elementor\Core\Breakpoints\Breakpoint->init_value()
#22 C:\laragon\www\CAD\wp-content\plugins\elementor\core\breakpoints\breakpoint.php(88): Elementor\Core\Breakpoints\Breakpoint->get_value()
#23 C:\laragon\www\CAD\wp-content\plugins\elementor\core\breakpoints\manager.php(195): Elementor\Core\Breakpoints\Breakpoint->is_custom()
#24 C:\laragon\www\CAD\wp-content\plugins\elementor\includes\frontend.php(514): Elementor\Core\Breakpoints\Manager->has_custom_breakpoints()
#25 C:\laragon\www\CAD\wp-includes\class-wp-hook.php(308): Elementor\Frontend->register_styles('')
#26 C:\laragon\www\CAD\wp-includes\class-wp-hook.php(332): WP_Hook->apply_filters(NULL, Array)
#27 C:\laragon\www\CAD\wp-includes\plugin.php(517): WP_Hook->do_action(Array)
#28 C:\laragon\www\CAD\wp-includes\script-loader.php(2180): do_action('wp_enqueue_scri...')
#29 C:\laragon\www\CAD\wp-includes\class-wp-hook.php(308): wp_enqueue_scripts('')
#30 C:\laragon\www\CAD\wp-includes\class-wp-hook.php(332): WP_Hook->apply_filters(NULL, Array)
#31 C:\laragon\www\CAD\wp-includes\plugin.php(517): WP_Hook->do_action(Array)
#32 C:\laragon\www\CAD\wp-includes\general-template.php(3043): do_action('wp_head')
#33 C:\laragon\www\CAD\wp-content\themes\woodmart\header.php(12): wp_head()
#34 C:\laragon\www\CAD\wp-includes\template.php(783): require_once('C:\\laragon\\www\\...')
#35 C:\laragon\www\CAD\wp-includes\template.php(718): load_template('C:\\laragon\\www\\...', true, Array)
#36 C:\laragon\www\CAD\wp-includes\general-template.php(48): locate_template(Array, true, true, Array)
#37 C:\laragon\www\CAD\wp-content\themes\woodmart\404.php(6): get_header()
#38 C:\laragon\www\CAD\wp-includes\template-loader.php(106): include('C:\\laragon\\www\\...')
#39 C:\laragon\www\CAD\wp-blog-header.php(19): require_once('C:\\laragon\\www\\...')
#40 C:\laragon\www\CAD\index.php(17): require('C:\\laragon\\www\\...')
#41 {main}
  thrown en C:\laragon\www\CAD\wp-content\themes\woodmart\inc\integrations\elementor\class-elementor.php en la línea 89

